<?xml version="1.0" encoding="UTF-8"?>
<coverage generated="1626027990117" clover="3.2.0">
  <project timestamp="1626027990117" name="All files">
    <metrics statements="95" coveredstatements="95" conditionals="30" coveredconditionals="30" methods="9" coveredmethods="9" elements="134" coveredelements="134" complexity="0" loc="95" ncloc="95" packages="1" files="7" classes="7"/>
    <file name="addition.js" path="/home/dragoomdoc/refactored-waddle/src/addition.js">
      <metrics statements="6" coveredstatements="6" conditionals="2" coveredconditionals="2" methods="1" coveredmethods="1"/>
      <line num="1" count="4" type="cond" truecount="2" falsecount="0"/>
      <line num="2" count="1" type="stmt"/>
      <line num="3" count="1" type="stmt"/>
      <line num="4" count="1" type="stmt"/>
      <line num="5" count="1" type="stmt"/>
      <line num="6" count="1" type="stmt"/>
    </file>
    <file name="convertMinutesToSeconds.js" path="/home/dragoomdoc/refactored-waddle/src/convertMinutesToSeconds.js">
      <metrics statements="8" coveredstatements="8" conditionals="2" coveredconditionals="2" methods="1" coveredmethods="1"/>
      <line num="1" count="1" type="cond" truecount="1" falsecount="0"/>
      <line num="2" count="1" type="stmt"/>
      <line num="3" count="1" type="cond" truecount="1" falsecount="0"/>
      <line num="4" count="1" type="stmt"/>
      <line num="5" count="1" type="stmt"/>
      <line num="6" count="1" type="stmt"/>
      <line num="7" count="1" type="stmt"/>
      <line num="8" count="1" type="stmt"/>
    </file>
    <file name="defangIPaddr.js" path="/home/dragoomdoc/refactored-waddle/src/defangIPaddr.js">
      <metrics statements="3" coveredstatements="3" conditionals="2" coveredconditionals="2" methods="1" coveredmethods="1"/>
      <line num="1" count="1" type="cond" truecount="2" falsecount="0"/>
      <line num="2" count="1" type="stmt"/>
      <line num="3" count="1" type="stmt"/>
    </file>
    <file name="fiscalCode.js" path="/home/dragoomdoc/refactored-waddle/src/fiscalCode.js">
      <metrics statements="60" coveredstatements="60" conditionals="19" coveredconditionals="19" methods="4" coveredmethods="4"/>
      <line num="1" count="1" type="cond" truecount="1" falsecount="0"/>
      <line num="2" count="1" type="stmt"/>
      <line num="3" count="1" type="stmt"/>
      <line num="4" count="1" type="stmt"/>
      <line num="5" count="1" type="stmt"/>
      <line num="6" count="1" type="stmt"/>
      <line num="7" count="1" type="stmt"/>
      <line num="8" count="1" type="stmt"/>
      <line num="9" count="1" type="stmt"/>
      <line num="10" count="1" type="stmt"/>
      <line num="11" count="1" type="stmt"/>
      <line num="12" count="1" type="cond" truecount="1" falsecount="0"/>
      <line num="13" count="5" type="stmt"/>
      <line num="14" count="5" type="stmt"/>
      <line num="15" count="5" type="stmt"/>
      <line num="16" count="5" type="stmt"/>
      <line num="17" count="5" type="stmt"/>
      <line num="18" count="5" type="stmt"/>
      <line num="19" count="5" type="cond" truecount="1" falsecount="0"/>
      <line num="20" count="5" type="cond" truecount="1" falsecount="0"/>
      <line num="21" count="5" type="cond" truecount="1" falsecount="0"/>
      <line num="22" count="4" type="stmt"/>
      <line num="23" count="4" type="stmt"/>
      <line num="24" count="4" type="cond" truecount="1" falsecount="0"/>
      <line num="25" count="1" type="stmt"/>
      <line num="26" count="4" type="cond" truecount="1" falsecount="0"/>
      <line num="27" count="3" type="stmt"/>
      <line num="28" count="4" type="stmt"/>
      <line num="29" count="5" type="cond" truecount="1" falsecount="0"/>
      <line num="30" count="5" type="stmt"/>
      <line num="31" count="5" type="stmt"/>
      <line num="32" count="5" type="stmt"/>
      <line num="33" count="5" type="stmt"/>
      <line num="34" count="5" type="stmt"/>
      <line num="35" count="5" type="cond" truecount="1" falsecount="0"/>
      <line num="36" count="5" type="cond" truecount="1" falsecount="0"/>
      <line num="37" count="4" type="cond" truecount="1" falsecount="0"/>
      <line num="38" count="4" type="cond" truecount="1" falsecount="0"/>
      <line num="39" count="3" type="stmt"/>
      <line num="40" count="3" type="cond" truecount="1" falsecount="0"/>
      <line num="41" count="2" type="stmt"/>
      <line num="42" count="3" type="cond" truecount="1" falsecount="0"/>
      <line num="43" count="5" type="cond" truecount="1" falsecount="0"/>
      <line num="44" count="5" type="stmt"/>
      <line num="45" count="5" type="stmt"/>
      <line num="46" count="5" type="stmt"/>
      <line num="47" count="5" type="stmt"/>
      <line num="48" count="5" type="stmt"/>
      <line num="49" count="5" type="stmt"/>
      <line num="50" count="5" type="cond" truecount="2" falsecount="0"/>
      <line num="51" count="5" type="cond" truecount="2" falsecount="0"/>
      <line num="52" count="2" type="stmt"/>
      <line num="53" count="5" type="stmt"/>
      <line num="54" count="5" type="stmt"/>
      <line num="55" count="5" type="stmt"/>
      <line num="56" count="5" type="stmt"/>
      <line num="57" count="1" type="stmt"/>
      <line num="58" count="1" type="stmt"/>
      <line num="59" count="1" type="stmt"/>
      <line num="60" count="1" type="stmt"/>
    </file>
    <file name="giveMeSomething.js" path="/home/dragoomdoc/refactored-waddle/src/giveMeSomething.js">
      <metrics statements="3" coveredstatements="3" conditionals="0" coveredconditionals="0" methods="0" coveredmethods="0"/>
      <line num="1" count="1" type="stmt"/>
      <line num="2" count="1" type="stmt"/>
      <line num="3" count="1" type="stmt"/>
    </file>
    <file name="increment.js" path="/home/dragoomdoc/refactored-waddle/src/increment.js">
      <metrics statements="6" coveredstatements="6" conditionals="2" coveredconditionals="2" methods="1" coveredmethods="1"/>
      <line num="1" count="5" type="cond" truecount="2" falsecount="0"/>
      <line num="2" count="1" type="stmt"/>
      <line num="3" count="1" type="stmt"/>
      <line num="4" count="1" type="stmt"/>
      <line num="5" count="1" type="stmt"/>
      <line num="6" count="1" type="stmt"/>
    </file>
    <file name="isPalindrome.js" path="/home/dragoomdoc/refactored-waddle/src/isPalindrome.js">
      <metrics statements="9" coveredstatements="9" conditionals="3" coveredconditionals="3" methods="1" coveredmethods="1"/>
      <line num="1" count="2" type="cond" truecount="3" falsecount="0"/>
      <line num="2" count="2" type="stmt"/>
      <line num="3" count="2" type="stmt"/>
      <line num="4" count="2" type="stmt"/>
      <line num="5" count="2" type="stmt"/>
      <line num="6" count="1" type="stmt"/>
      <line num="7" count="1" type="stmt"/>
      <line num="8" count="1" type="stmt"/>
      <line num="9" count="1" type="stmt"/>
    </file>
  </project>
</coverage>
