{"/home/dragoomdoc/refactored-waddle/src/addition.js": {"path":"/home/dragoomdoc/refactored-waddle/src/addition.js","all":false,"statementMap":{"0":{"start":{"line":1,"column":0},"end":{"line":1,"column":3}},"1":{"start":{"line":2,"column":0},"end":{"line":2,"column":60}},"2":{"start":{"line":3,"column":0},"end":{"line":3,"column":5}},"3":{"start":{"line":4,"column":0},"end":{"line":4,"column":40}},"4":{"start":{"line":5,"column":0},"end":{"line":5,"column":15}},"5":{"start":{"line":6,"column":0},"end":{"line":6,"column":1}}},"s":{"0":4,"1":1,"2":1,"3":1,"4":1,"5":1},"branchMap":{"0":{"type":"branch","line":1,"loc":{"start":{"line":1,"column":0},"end":{"line":2,"column":37}},"locations":[{"start":{"line":1,"column":0},"end":{"line":2,"column":37}}]},"1":{"type":"branch","line":1,"loc":{"start":{"line":1,"column":0},"end":{"line":2,"column":36}},"locations":[{"start":{"line":1,"column":0},"end":{"line":2,"column":36}}]}},"b":{"0":[1],"1":[4]},"fnMap":{"0":{"name":"addition","decl":{"start":{"line":1,"column":0},"end":{"line":2,"column":36}},"loc":{"start":{"line":1,"column":0},"end":{"line":2,"column":36}},"line":1}},"f":{"0":4}}
,"/home/dragoomdoc/refactored-waddle/src/convertMinutesToSeconds.js": {"path":"/home/dragoomdoc/refactored-waddle/src/convertMinutesToSeconds.js","all":false,"statementMap":{"0":{"start":{"line":1,"column":0},"end":{"line":1,"column":3}},"1":{"start":{"line":2,"column":0},"end":{"line":2,"column":3}},"2":{"start":{"line":3,"column":0},"end":{"line":3,"column":88}},"3":{"start":{"line":4,"column":0},"end":{"line":4,"column":37}},"4":{"start":{"line":5,"column":0},"end":{"line":5,"column":3}},"5":{"start":{"line":6,"column":0},"end":{"line":6,"column":57}},"6":{"start":{"line":7,"column":0},"end":{"line":7,"column":21}},"7":{"start":{"line":8,"column":0},"end":{"line":8,"column":1}}},"s":{"0":1,"1":1,"2":1,"3":1,"4":1,"5":1,"6":1,"7":1},"branchMap":{"0":{"type":"branch","line":1,"loc":{"start":{"line":1,"column":0},"end":{"line":4,"column":35}},"locations":[{"start":{"line":1,"column":0},"end":{"line":4,"column":35}}]},"1":{"type":"branch","line":3,"loc":{"start":{"line":3,"column":57},"end":{"line":4,"column":34}},"locations":[{"start":{"line":3,"column":57},"end":{"line":4,"column":34}}]}},"b":{"0":[1],"1":[4]},"fnMap":{"0":{"name":"convertMinutesToSeconds","decl":{"start":{"line":3,"column":57},"end":{"line":4,"column":34}},"loc":{"start":{"line":3,"column":57},"end":{"line":4,"column":34}},"line":3}},"f":{"0":4}}
,"/home/dragoomdoc/refactored-waddle/src/defangIPaddr.js": {"path":"/home/dragoomdoc/refactored-waddle/src/defangIPaddr.js","all":false,"statementMap":{"0":{"start":{"line":1,"column":0},"end":{"line":1,"column":47}},"1":{"start":{"line":2,"column":0},"end":{"line":2,"column":39}},"2":{"start":{"line":3,"column":0},"end":{"line":3,"column":1}}},"s":{"0":1,"1":1,"2":1},"branchMap":{"0":{"type":"branch","line":1,"loc":{"start":{"line":1,"column":0},"end":{"line":1,"column":1}},"locations":[{"start":{"line":1,"column":0},"end":{"line":1,"column":1}}]},"1":{"type":"branch","line":1,"loc":{"start":{"line":1,"column":0},"end":{"line":1,"column":0}},"locations":[{"start":{"line":1,"column":0},"end":{"line":1,"column":0}}]}},"b":{"0":[1],"1":[2]},"fnMap":{"0":{"name":"defangIPaddr","decl":{"start":{"line":1,"column":0},"end":{"line":1,"column":0}},"loc":{"start":{"line":1,"column":0},"end":{"line":1,"column":0}},"line":1}},"f":{"0":2}}
,"/home/dragoomdoc/refactored-waddle/src/fiscalCode.js": {"path":"/home/dragoomdoc/refactored-waddle/src/fiscalCode.js","all":false,"statementMap":{"0":{"start":{"line":1,"column":0},"end":{"line":1,"column":3}},"1":{"start":{"line":2,"column":0},"end":{"line":2,"column":60}},"2":{"start":{"line":3,"column":0},"end":{"line":3,"column":2}},"3":{"start":{"line":4,"column":0},"end":{"line":4,"column":5}},"4":{"start":{"line":5,"column":0},"end":{"line":5,"column":22}},"5":{"start":{"line":6,"column":0},"end":{"line":6,"column":11}},"6":{"start":{"line":7,"column":0},"end":{"line":7,"column":11}},"7":{"start":{"line":8,"column":0},"end":{"line":8,"column":11}},"8":{"start":{"line":9,"column":0},"end":{"line":9,"column":11}},"9":{"start":{"line":10,"column":0},"end":{"line":10,"column":11}},"10":{"start":{"line":11,"column":0},"end":{"line":11,"column":11}},"11":{"start":{"line":12,"column":0},"end":{"line":12,"column":11}},"12":{"start":{"line":13,"column":0},"end":{"line":13,"column":11}},"13":{"start":{"line":14,"column":0},"end":{"line":14,"column":11}},"14":{"start":{"line":15,"column":0},"end":{"line":15,"column":12}},"15":{"start":{"line":16,"column":0},"end":{"line":16,"column":12}},"16":{"start":{"line":17,"column":0},"end":{"line":17,"column":12}},"17":{"start":{"line":18,"column":0},"end":{"line":18,"column":3}},"18":{"start":{"line":19,"column":0},"end":{"line":19,"column":68}},"19":{"start":{"line":20,"column":0},"end":{"line":20,"column":34}},"20":{"start":{"line":21,"column":0},"end":{"line":21,"column":29}},"21":{"start":{"line":22,"column":0},"end":{"line":22,"column":22}},"22":{"start":{"line":23,"column":0},"end":{"line":23,"column":29}},"23":{"start":{"line":24,"column":0},"end":{"line":24,"column":27}},"24":{"start":{"line":25,"column":0},"end":{"line":25,"column":12}},"25":{"start":{"line":26,"column":0},"end":{"line":26,"column":43}},"26":{"start":{"line":27,"column":0},"end":{"line":27,"column":29}},"27":{"start":{"line":28,"column":0},"end":{"line":28,"column":29}},"28":{"start":{"line":29,"column":0},"end":{"line":29,"column":14}},"29":{"start":{"line":30,"column":0},"end":{"line":30,"column":60}},"30":{"start":{"line":31,"column":0},"end":{"line":31,"column":7}},"31":{"start":{"line":32,"column":0},"end":{"line":32,"column":5}},"32":{"start":{"line":33,"column":0},"end":{"line":33,"column":3}},"33":{"start":{"line":34,"column":0},"end":{"line":34,"column":22}},"34":{"start":{"line":35,"column":0},"end":{"line":35,"column":39}},"35":{"start":{"line":36,"column":0},"end":{"line":36,"column":38}},"36":{"start":{"line":37,"column":0},"end":{"line":37,"column":26}},"37":{"start":{"line":38,"column":0},"end":{"line":38,"column":39}},"38":{"start":{"line":39,"column":0},"end":{"line":39,"column":12}},"39":{"start":{"line":40,"column":0},"end":{"line":40,"column":31}},"40":{"start":{"line":41,"column":0},"end":{"line":41,"column":30}},"41":{"start":{"line":42,"column":0},"end":{"line":42,"column":36}},"42":{"start":{"line":43,"column":0},"end":{"line":43,"column":51}},"43":{"start":{"line":44,"column":0},"end":{"line":44,"column":14}},"44":{"start":{"line":45,"column":0},"end":{"line":45,"column":45}},"45":{"start":{"line":46,"column":0},"end":{"line":46,"column":7}},"46":{"start":{"line":47,"column":0},"end":{"line":47,"column":5}},"47":{"start":{"line":48,"column":0},"end":{"line":48,"column":3}},"48":{"start":{"line":49,"column":0},"end":{"line":49,"column":24}},"49":{"start":{"line":50,"column":0},"end":{"line":50,"column":44}},"50":{"start":{"line":51,"column":0},"end":{"line":51,"column":20}},"51":{"start":{"line":52,"column":0},"end":{"line":52,"column":25}},"52":{"start":{"line":53,"column":0},"end":{"line":53,"column":53}},"53":{"start":{"line":54,"column":0},"end":{"line":54,"column":12}},"54":{"start":{"line":55,"column":0},"end":{"line":55,"column":35}},"55":{"start":{"line":56,"column":0},"end":{"line":56,"column":5}},"56":{"start":{"line":57,"column":0},"end":{"line":57,"column":65}},"57":{"start":{"line":58,"column":0},"end":{"line":58,"column":3}},"58":{"start":{"line":59,"column":0},"end":{"line":59,"column":78}},"59":{"start":{"line":60,"column":0},"end":{"line":60,"column":1}}},"s":{"0":1,"1":1,"2":1,"3":1,"4":1,"5":1,"6":1,"7":1,"8":1,"9":1,"10":1,"11":1,"12":5,"13":5,"14":5,"15":5,"16":5,"17":5,"18":5,"19":5,"20":5,"21":4,"22":4,"23":4,"24":1,"25":4,"26":3,"27":4,"28":5,"29":5,"30":5,"31":5,"32":5,"33":5,"34":5,"35":5,"36":4,"37":4,"38":3,"39":3,"40":2,"41":3,"42":5,"43":5,"44":5,"45":5,"46":5,"47":5,"48":5,"49":5,"50":5,"51":2,"52":5,"53":5,"54":5,"55":5,"56":1,"57":1,"58":1,"59":1},"branchMap":{"0":{"type":"branch","line":1,"loc":{"start":{"line":1,"column":0},"end":{"line":57,"column":62}},"locations":[{"start":{"line":1,"column":0},"end":{"line":57,"column":62}}]},"1":{"type":"branch","line":12,"loc":{"start":{"line":12,"column":5},"end":{"line":57,"column":61}},"locations":[{"start":{"line":12,"column":5},"end":{"line":57,"column":61}}]},"2":{"type":"branch","line":19,"loc":{"start":{"line":19,"column":47},"end":{"line":29,"column":4}},"locations":[{"start":{"line":19,"column":47},"end":{"line":29,"column":4}}]},"3":{"type":"branch","line":20,"loc":{"start":{"line":20,"column":27},"end":{"line":21,"column":27}},"locations":[{"start":{"line":20,"column":27},"end":{"line":21,"column":27}}]},"4":{"type":"branch","line":21,"loc":{"start":{"line":21,"column":27},"end":{"line":29,"column":0}},"locations":[{"start":{"line":21,"column":27},"end":{"line":29,"column":0}}]},"5":{"type":"branch","line":24,"loc":{"start":{"line":24,"column":24},"end":{"line":26,"column":22}},"locations":[{"start":{"line":24,"column":24},"end":{"line":26,"column":22}}]},"6":{"type":"branch","line":26,"loc":{"start":{"line":26,"column":22},"end":{"line":28,"column":24}},"locations":[{"start":{"line":26,"column":22},"end":{"line":28,"column":24}}]},"7":{"type":"branch","line":29,"loc":{"start":{"line":29,"column":7},"end":{"line":43,"column":41}},"locations":[{"start":{"line":29,"column":7},"end":{"line":43,"column":41}}]},"8":{"type":"branch","line":35,"loc":{"start":{"line":35,"column":15},"end":{"line":36,"column":22}},"locations":[{"start":{"line":35,"column":15},"end":{"line":36,"column":22}}]},"9":{"type":"branch","line":36,"loc":{"start":{"line":36,"column":22},"end":{"line":43,"column":37}},"locations":[{"start":{"line":36,"column":22},"end":{"line":43,"column":37}}]},"10":{"type":"branch","line":37,"loc":{"start":{"line":37,"column":21},"end":{"line":38,"column":34}},"locations":[{"start":{"line":37,"column":21},"end":{"line":38,"column":34}}]},"11":{"type":"branch","line":38,"loc":{"start":{"line":38,"column":34},"end":{"line":43,"column":31}},"locations":[{"start":{"line":38,"column":34},"end":{"line":43,"column":31}}]},"12":{"type":"branch","line":40,"loc":{"start":{"line":40,"column":9},"end":{"line":42,"column":7}},"locations":[{"start":{"line":40,"column":9},"end":{"line":42,"column":7}}]},"13":{"type":"branch","line":42,"loc":{"start":{"line":42,"column":7},"end":{"line":43,"column":31}},"locations":[{"start":{"line":42,"column":7},"end":{"line":43,"column":31}}]},"14":{"type":"branch","line":43,"loc":{"start":{"line":43,"column":44},"end":{"line":55,"column":22}},"locations":[{"start":{"line":43,"column":44},"end":{"line":55,"column":22}}]},"15":{"type":"branch","line":50,"loc":{"start":{"line":50,"column":1},"end":{"line":51,"column":17}},"locations":[{"start":{"line":50,"column":1},"end":{"line":51,"column":17}}]},"16":{"type":"branch","line":50,"loc":{"start":{"line":50,"column":38},"end":{"line":51,"column":4}},"locations":[{"start":{"line":50,"column":38},"end":{"line":51,"column":4}}]},"17":{"type":"branch","line":51,"loc":{"start":{"line":51,"column":5},"end":{"line":51,"column":10}},"locations":[{"start":{"line":51,"column":5},"end":{"line":51,"column":10}}]},"18":{"type":"branch","line":51,"loc":{"start":{"line":51,"column":17},"end":{"line":53,"column":19}},"locations":[{"start":{"line":51,"column":17},"end":{"line":53,"column":19}}]}},"b":{"0":[1],"1":[5],"2":[5],"3":[1],"4":[4],"5":[1],"6":[3],"7":[5],"8":[1],"9":[4],"10":[1],"11":[3],"12":[2],"13":[1],"14":[5],"15":[3],"16":[1],"17":[2],"18":[2]},"fnMap":{"0":{"name":"fiscalCode","decl":{"start":{"line":12,"column":5},"end":{"line":57,"column":61}},"loc":{"start":{"line":12,"column":5},"end":{"line":57,"column":61}},"line":12},"1":{"name":"partOne","decl":{"start":{"line":19,"column":47},"end":{"line":29,"column":4}},"loc":{"start":{"line":19,"column":47},"end":{"line":29,"column":4}},"line":19},"2":{"name":"partTwo","decl":{"start":{"line":29,"column":7},"end":{"line":43,"column":41}},"loc":{"start":{"line":29,"column":7},"end":{"line":43,"column":41}},"line":29},"3":{"name":"partThree","decl":{"start":{"line":43,"column":44},"end":{"line":55,"column":22}},"loc":{"start":{"line":43,"column":44},"end":{"line":55,"column":22}},"line":43}},"f":{"0":5,"1":5,"2":5,"3":5}}
,"/home/dragoomdoc/refactored-waddle/src/giveMeSomething.js": {"path":"/home/dragoomdoc/refactored-waddle/src/giveMeSomething.js","all":false,"statementMap":{"0":{"start":{"line":1,"column":0},"end":{"line":1,"column":48}},"1":{"start":{"line":2,"column":0},"end":{"line":2,"column":32}},"2":{"start":{"line":3,"column":0},"end":{"line":3,"column":1}}},"s":{"0":1,"1":1,"2":1},"branchMap":{},"b":{},"fnMap":{},"f":{}}
,"/home/dragoomdoc/refactored-waddle/src/increment.js": {"path":"/home/dragoomdoc/refactored-waddle/src/increment.js","all":false,"statementMap":{"0":{"start":{"line":1,"column":0},"end":{"line":1,"column":3}},"1":{"start":{"line":2,"column":0},"end":{"line":2,"column":60}},"2":{"start":{"line":3,"column":0},"end":{"line":3,"column":5}},"3":{"start":{"line":4,"column":0},"end":{"line":4,"column":40}},"4":{"start":{"line":5,"column":0},"end":{"line":5,"column":20}},"5":{"start":{"line":6,"column":0},"end":{"line":6,"column":1}}},"s":{"0":5,"1":1,"2":1,"3":1,"4":1,"5":1},"branchMap":{"0":{"type":"branch","line":1,"loc":{"start":{"line":1,"column":0},"end":{"line":2,"column":42}},"locations":[{"start":{"line":1,"column":0},"end":{"line":2,"column":42}}]},"1":{"type":"branch","line":1,"loc":{"start":{"line":1,"column":0},"end":{"line":2,"column":41}},"locations":[{"start":{"line":1,"column":0},"end":{"line":2,"column":41}}]}},"b":{"0":[1],"1":[5]},"fnMap":{"0":{"name":"increment","decl":{"start":{"line":1,"column":0},"end":{"line":2,"column":41}},"loc":{"start":{"line":1,"column":0},"end":{"line":2,"column":41}},"line":1}},"f":{"0":5}}
,"/home/dragoomdoc/refactored-waddle/src/isPalindrome.js": {"path":"/home/dragoomdoc/refactored-waddle/src/isPalindrome.js","all":false,"statementMap":{"0":{"start":{"line":1,"column":0},"end":{"line":1,"column":41}},"1":{"start":{"line":2,"column":0},"end":{"line":2,"column":14}},"2":{"start":{"line":3,"column":0},"end":{"line":3,"column":17}},"3":{"start":{"line":4,"column":0},"end":{"line":4,"column":10}},"4":{"start":{"line":5,"column":0},"end":{"line":5,"column":30}},"5":{"start":{"line":6,"column":0},"end":{"line":6,"column":55}},"6":{"start":{"line":7,"column":0},"end":{"line":7,"column":31}},"7":{"start":{"line":8,"column":0},"end":{"line":8,"column":3}},"8":{"start":{"line":9,"column":0},"end":{"line":9,"column":1}}},"s":{"0":2,"1":2,"2":2,"3":2,"4":2,"5":1,"6":1,"7":1,"8":1},"branchMap":{"0":{"type":"branch","line":1,"loc":{"start":{"line":1,"column":0},"end":{"line":6,"column":5}},"locations":[{"start":{"line":1,"column":0},"end":{"line":6,"column":5}}]},"1":{"type":"branch","line":1,"loc":{"start":{"line":1,"column":0},"end":{"line":6,"column":4}},"locations":[{"start":{"line":1,"column":0},"end":{"line":6,"column":4}}]},"2":{"type":"branch","line":1,"loc":{"start":{"line":1,"column":0},"end":{"line":6,"column":2}},"locations":[{"start":{"line":1,"column":0},"end":{"line":6,"column":2}}]}},"b":{"0":[1],"1":[3],"2":[2]},"fnMap":{"0":{"name":"isPalindrome","decl":{"start":{"line":1,"column":0},"end":{"line":6,"column":4}},"loc":{"start":{"line":1,"column":0},"end":{"line":6,"column":4}},"line":1}},"f":{"0":3}}
}
