TN:
SF:src/addition.js
FN:1,addition
FNF:1
FNH:1
FNDA:4,addition
DA:1,4
DA:2,1
DA:3,1
DA:4,1
DA:5,1
DA:6,1
LF:6
LH:6
BRDA:1,0,0,1
BRDA:1,1,0,4
BRF:2
BRH:2
end_of_record
TN:
SF:src/convertMinutesToSeconds.js
FN:3,convertMinutesToSeconds
FNF:1
FNH:1
FNDA:4,convertMinutesToSeconds
DA:1,1
DA:2,1
DA:3,1
DA:4,1
DA:5,1
DA:6,1
DA:7,1
DA:8,1
LF:8
LH:8
BRDA:1,0,0,1
BRDA:3,1,0,4
BRF:2
BRH:2
end_of_record
TN:
SF:src/defangIPaddr.js
FN:1,defangIPaddr
FNF:1
FNH:1
FNDA:2,defangIPaddr
DA:1,1
DA:2,1
DA:3,1
LF:3
LH:3
BRDA:1,0,0,1
BRDA:1,1,0,2
BRF:2
BRH:2
end_of_record
TN:
SF:src/fiscalCode.js
FN:12,fiscalCode
FN:19,partOne
FN:29,partTwo
FN:43,partThree
FNF:4
FNH:4
FNDA:5,fiscalCode
FNDA:5,partOne
FNDA:5,partTwo
FNDA:5,partThree
DA:1,1
DA:2,1
DA:3,1
DA:4,1
DA:5,1
DA:6,1
DA:7,1
DA:8,1
DA:9,1
DA:10,1
DA:11,1
DA:12,1
DA:13,5
DA:14,5
DA:15,5
DA:16,5
DA:17,5
DA:18,5
DA:19,5
DA:20,5
DA:21,5
DA:22,4
DA:23,4
DA:24,4
DA:25,1
DA:26,4
DA:27,3
DA:28,4
DA:29,5
DA:30,5
DA:31,5
DA:32,5
DA:33,5
DA:34,5
DA:35,5
DA:36,5
DA:37,4
DA:38,4
DA:39,3
DA:40,3
DA:41,2
DA:42,3
DA:43,5
DA:44,5
DA:45,5
DA:46,5
DA:47,5
DA:48,5
DA:49,5
DA:50,5
DA:51,5
DA:52,2
DA:53,5
DA:54,5
DA:55,5
DA:56,5
DA:57,1
DA:58,1
DA:59,1
DA:60,1
LF:60
LH:60
BRDA:1,0,0,1
BRDA:12,1,0,5
BRDA:19,2,0,5
BRDA:20,3,0,1
BRDA:21,4,0,4
BRDA:24,5,0,1
BRDA:26,6,0,3
BRDA:29,7,0,5
BRDA:35,8,0,1
BRDA:36,9,0,4
BRDA:37,10,0,1
BRDA:38,11,0,3
BRDA:40,12,0,2
BRDA:42,13,0,1
BRDA:43,14,0,5
BRDA:50,15,0,3
BRDA:50,16,0,1
BRDA:51,17,0,2
BRDA:51,18,0,2
BRF:19
BRH:19
end_of_record
TN:
SF:src/giveMeSomething.js
FNF:0
FNH:0
DA:1,1
DA:2,1
DA:3,1
LF:3
LH:3
BRF:0
BRH:0
end_of_record
TN:
SF:src/increment.js
FN:1,increment
FNF:1
FNH:1
FNDA:5,increment
DA:1,5
DA:2,1
DA:3,1
DA:4,1
DA:5,1
DA:6,1
LF:6
LH:6
BRDA:1,0,0,1
BRDA:1,1,0,5
BRF:2
BRH:2
end_of_record
TN:
SF:src/isPalindrome.js
FN:1,isPalindrome
FNF:1
FNH:1
FNDA:3,isPalindrome
DA:1,2
DA:2,2
DA:3,2
DA:4,2
DA:5,2
DA:6,1
DA:7,1
DA:8,1
DA:9,1
LF:9
LH:9
BRDA:1,0,0,1
BRDA:1,1,0,3
BRDA:1,2,0,2
BRF:3
BRH:3
end_of_record
